TN:
SF:src\main.js
FN:22,(anonymous_0)
FN:41,(anonymous_1)
FN:56,(anonymous_2)
FN:61,(anonymous_3)
FN:67,(anonymous_4)
FN:82,(anonymous_5)
FN:103,(anonymous_6)
FN:106,(anonymous_7)
FN:119,(anonymous_8)
FN:136,(anonymous_9)
FN:150,(anonymous_10)
FN:159,(anonymous_11)
FN:184,(anonymous_12)
FN:215,(anonymous_13)
FN:225,(anonymous_14)
FN:238,(anonymous_15)
FN:254,(anonymous_16)
FN:269,(anonymous_17)
FN:278,(anonymous_18)
FN:287,(anonymous_19)
FN:308,(anonymous_20)
FN:317,(anonymous_21)
FNF:22
FNH:0
FNDA:0,(anonymous_0)
FNDA:0,(anonymous_1)
FNDA:0,(anonymous_2)
FNDA:0,(anonymous_3)
FNDA:0,(anonymous_4)
FNDA:0,(anonymous_5)
FNDA:0,(anonymous_6)
FNDA:0,(anonymous_7)
FNDA:0,(anonymous_8)
FNDA:0,(anonymous_9)
FNDA:0,(anonymous_10)
FNDA:0,(anonymous_11)
FNDA:0,(anonymous_12)
FNDA:0,(anonymous_13)
FNDA:0,(anonymous_14)
FNDA:0,(anonymous_15)
FNDA:0,(anonymous_16)
FNDA:0,(anonymous_17)
FNDA:0,(anonymous_18)
FNDA:0,(anonymous_19)
FNDA:0,(anonymous_20)
FNDA:0,(anonymous_21)
DA:7,1
DA:8,1
DA:9,1
DA:10,1
DA:11,1
DA:12,1
DA:13,1
DA:14,1
DA:15,1
DA:16,1
DA:23,0
DA:24,0
DA:25,0
DA:26,0
DA:27,0
DA:28,0
DA:29,0
DA:31,0
DA:32,0
DA:33,0
DA:34,0
DA:35,0
DA:42,0
DA:44,0
DA:45,0
DA:47,0
DA:49,0
DA:50,0
DA:52,0
DA:53,0
DA:55,0
DA:56,0
DA:58,0
DA:61,0
DA:68,0
DA:70,0
DA:71,0
DA:73,0
DA:83,0
DA:84,0
DA:85,0
DA:88,0
DA:90,0
DA:91,0
DA:92,0
DA:95,0
DA:96,0
DA:97,0
DA:104,0
DA:106,0
DA:107,0
DA:109,0
DA:110,0
DA:111,0
DA:112,0
DA:113,0
DA:117,0
DA:118,0
DA:119,0
DA:120,0
DA:121,0
DA:122,0
DA:128,0
DA:136,0
DA:137,0
DA:138,0
DA:139,0
DA:151,0
DA:152,0
DA:154,0
DA:155,0
DA:157,0
DA:159,0
DA:160,0
DA:162,0
DA:163,0
DA:164,0
DA:165,0
DA:167,0
DA:169,0
DA:175,0
DA:177,0
DA:185,0
DA:186,0
DA:188,0
DA:197,0
DA:198,0
DA:199,0
DA:200,0
DA:205,0
DA:206,0
DA:216,0
DA:217,0
DA:218,0
DA:219,0
DA:226,0
DA:231,0
DA:239,0
DA:240,0
DA:242,0
DA:243,0
DA:246,0
DA:247,0
DA:255,0
DA:256,0
DA:258,0
DA:259,0
DA:262,0
DA:263,0
DA:270,0
DA:279,0
DA:288,0
DA:292,0
DA:294,0
DA:295,0
DA:297,0
DA:298,0
DA:299,0
DA:300,0
DA:309,0
DA:310,0
DA:311,0
DA:318,0
DA:319,0
DA:321,0
DA:322,0
DA:327,1
DA:328,1
DA:330,0
LF:129
LH:12
BRDA:55,0,0,0
BRDA:55,0,1,0
BRDA:83,1,0,0
BRDA:83,1,1,0
BRDA:91,2,0,0
BRDA:91,2,1,0
BRDA:104,3,0,0
BRDA:104,3,1,0
BRDA:107,4,0,0
BRDA:107,4,1,0
BRDA:111,5,0,0
BRDA:111,5,1,0
BRDA:111,6,0,0
BRDA:111,6,1,0
BRDA:117,7,0,0
BRDA:117,7,1,0
BRDA:118,8,0,0
BRDA:118,8,1,0
BRDA:120,9,0,0
BRDA:120,9,1,0
BRDA:138,10,0,0
BRDA:138,10,1,0
BRDA:151,11,0,0
BRDA:151,11,1,0
BRDA:162,12,0,0
BRDA:162,12,1,0
BRDA:163,13,0,0
BRDA:163,13,1,0
BRDA:164,14,0,0
BRDA:164,14,1,0
BRDA:164,15,0,0
BRDA:164,15,1,0
BRDA:186,16,0,0
BRDA:186,16,1,0
BRDA:199,17,0,0
BRDA:199,17,1,0
BRDA:199,18,0,0
BRDA:199,18,1,0
BRDA:242,19,0,0
BRDA:242,19,1,0
BRDA:258,20,0,0
BRDA:258,20,1,0
BRDA:288,21,0,0
BRDA:288,21,1,0
BRDA:288,21,2,0
BRDA:294,22,0,0
BRDA:294,22,1,0
BRDA:299,23,0,0
BRDA:299,23,1,0
BRDA:318,24,0,0
BRDA:318,24,1,0
BRDA:321,25,0,0
BRDA:321,25,1,0
BRDA:327,26,0,1
BRDA:327,26,1,0
BRDA:327,27,0,1
BRDA:327,27,1,1
BRF:57
BRH:3
end_of_record
TN:
SF:src\core\repository\GroupDisplayManager.js
FN:6,(anonymous_0)
FN:15,(anonymous_1)
FN:38,(anonymous_2)
FN:41,(anonymous_3)
FN:52,(anonymous_4)
FN:58,(anonymous_5)
FN:64,(anonymous_6)
FN:73,(anonymous_7)
FN:75,(anonymous_8)
FN:92,(anonymous_9)
FNF:10
FNH:0
FNDA:0,(anonymous_0)
FNDA:0,(anonymous_1)
FNDA:0,(anonymous_2)
FNDA:0,(anonymous_3)
FNDA:0,(anonymous_4)
FNDA:0,(anonymous_5)
FNDA:0,(anonymous_6)
FNDA:0,(anonymous_7)
FNDA:0,(anonymous_8)
FNDA:0,(anonymous_9)
DA:7,0
DA:16,0
DA:18,0
DA:20,0
DA:21,0
DA:22,0
DA:25,0
DA:26,0
DA:27,0
DA:29,0
DA:31,0
DA:39,0
DA:41,0
DA:42,0
DA:43,0
DA:53,0
DA:54,0
DA:55,0
DA:56,0
DA:58,0
DA:59,0
DA:62,0
DA:63,0
DA:64,0
DA:74,0
DA:75,0
DA:76,0
DA:79,0
DA:80,0
DA:81,0
DA:82,0
DA:84,0
DA:93,0
DA:97,1
LF:34
LH:1
BRDA:20,0,0,0
BRDA:20,0,1,0
BRDA:54,1,0,0
BRDA:54,1,1,0
BRDA:80,2,0,0
BRDA:80,2,1,0
BRF:6
BRH:0
end_of_record
TN:
SF:src\core\repository\GroupManager.js
FN:6,(anonymous_0)
FN:15,(anonymous_1)
FN:18,(anonymous_2)
FN:36,(anonymous_3)
FN:64,(anonymous_4)
FN:89,(anonymous_5)
FN:108,(anonymous_6)
FNF:7
FNH:0
FNDA:0,(anonymous_0)
FNDA:0,(anonymous_1)
FNDA:0,(anonymous_2)
FNDA:0,(anonymous_3)
FNDA:0,(anonymous_4)
FNDA:0,(anonymous_5)
FNDA:0,(anonymous_6)
DA:7,0
DA:16,0
DA:18,0
DA:19,0
DA:20,0
DA:22,0
DA:23,0
DA:25,0
DA:28,0
DA:37,0
DA:39,0
DA:40,0
DA:41,0
DA:45,0
DA:46,0
DA:47,0
DA:48,0
DA:49,0
DA:50,0
DA:51,0
DA:56,0
DA:65,0
DA:75,0
DA:76,0
DA:77,0
DA:78,0
DA:81,0
DA:90,0
DA:101,0
DA:109,0
DA:113,1
LF:31
LH:1
BRDA:6,0,0,0
BRDA:22,1,0,0
BRDA:22,1,1,0
BRDA:37,2,0,0
BRDA:37,2,1,0
BRDA:40,3,0,0
BRDA:40,3,1,0
BRDA:48,4,0,0
BRDA:48,4,1,0
BRDA:50,5,0,0
BRDA:50,5,1,0
BRDA:77,6,0,0
BRDA:77,6,1,0
BRDA:77,7,0,0
BRDA:77,7,1,0
BRDA:101,8,0,0
BRDA:101,8,1,0
BRF:17
BRH:0
end_of_record
TN:
SF:src\core\repository\RepositoryFinder.js
FN:6,(anonymous_0)
FN:14,(anonymous_1)
FN:29,(anonymous_2)
FN:32,(anonymous_3)
FN:52,(anonymous_4)
FN:62,(anonymous_5)
FN:82,(anonymous_6)
FN:85,(anonymous_7)
FN:104,(anonymous_8)
FN:127,(anonymous_9)
FNF:10
FNH:0
FNDA:0,(anonymous_0)
FNDA:0,(anonymous_1)
FNDA:0,(anonymous_2)
FNDA:0,(anonymous_3)
FNDA:0,(anonymous_4)
FNDA:0,(anonymous_5)
FNDA:0,(anonymous_6)
FNDA:0,(anonymous_7)
FNDA:0,(anonymous_8)
FNDA:0,(anonymous_9)
DA:7,0
DA:15,0
DA:28,0
DA:29,0
DA:30,0
DA:31,0
DA:32,0
DA:33,0
DA:34,0
DA:35,0
DA:39,0
DA:43,0
DA:44,0
DA:53,0
DA:54,0
DA:63,0
DA:81,0
DA:82,0
DA:83,0
DA:84,0
DA:85,0
DA:86,0
DA:87,0
DA:88,0
DA:92,0
DA:96,0
DA:105,0
DA:115,0
DA:116,0
DA:117,0
DA:118,0
DA:121,0
DA:128,0
DA:132,1
LF:34
LH:1
BRDA:33,0,0,0
BRDA:33,0,1,0
BRDA:33,1,0,0
BRDA:33,1,1,0
BRDA:33,1,2,0
BRDA:87,2,0,0
BRDA:87,2,1,0
BRDA:87,3,0,0
BRDA:87,3,1,0
BRDA:117,4,0,0
BRDA:117,4,1,0
BRDA:117,5,0,0
BRDA:117,5,1,0
BRF:13
BRH:0
end_of_record
TN:
SF:src\core\repository\RepositoryProcessor.js
FN:9,(anonymous_0)
FN:19,(anonymous_1)
FN:58,(anonymous_2)
FN:65,(anonymous_3)
FN:69,(anonymous_4)
FN:75,(anonymous_5)
FN:87,(anonymous_6)
FN:97,(anonymous_7)
FN:112,(anonymous_8)
FN:122,(anonymous_9)
FN:128,(anonymous_10)
FN:135,(anonymous_11)
FN:149,(anonymous_12)
FN:153,(anonymous_13)
FN:171,(anonymous_14)
FN:210,(anonymous_15)
FN:218,(anonymous_16)
FN:223,(anonymous_17)
FN:229,(anonymous_18)
FN:235,(anonymous_19)
FN:247,(anonymous_20)
FN:256,(anonymous_21)
FN:267,(anonymous_22)
FN:274,(anonymous_23)
FN:281,(anonymous_24)
FN:291,(anonymous_25)
FN:296,(anonymous_26)
FNF:27
FNH:0
FNDA:0,(anonymous_0)
FNDA:0,(anonymous_1)
FNDA:0,(anonymous_2)
FNDA:0,(anonymous_3)
FNDA:0,(anonymous_4)
FNDA:0,(anonymous_5)
FNDA:0,(anonymous_6)
FNDA:0,(anonymous_7)
FNDA:0,(anonymous_8)
FNDA:0,(anonymous_9)
FNDA:0,(anonymous_10)
FNDA:0,(anonymous_11)
FNDA:0,(anonymous_12)
FNDA:0,(anonymous_13)
FNDA:0,(anonymous_14)
FNDA:0,(anonymous_15)
FNDA:0,(anonymous_16)
FNDA:0,(anonymous_17)
FNDA:0,(anonymous_18)
FNDA:0,(anonymous_19)
FNDA:0,(anonymous_20)
FNDA:0,(anonymous_21)
FNDA:0,(anonymous_22)
FNDA:0,(anonymous_23)
FNDA:0,(anonymous_24)
FNDA:0,(anonymous_25)
FNDA:0,(anonymous_26)
DA:10,0
DA:11,0
DA:20,0
DA:22,0
DA:23,0
DA:24,0
DA:27,0
DA:28,0
DA:30,0
DA:31,0
DA:32,0
DA:34,0
DA:36,0
DA:37,0
DA:39,0
DA:40,0
DA:42,0
DA:43,0
DA:46,0
DA:47,0
DA:48,0
DA:49,0
DA:59,0
DA:60,0
DA:63,0
DA:65,0
DA:66,0
DA:69,0
DA:70,0
DA:75,0
DA:77,0
DA:78,0
DA:88,0
DA:89,0
DA:91,0
DA:92,0
DA:94,0
DA:95,0
DA:97,0
DA:98,0
DA:99,0
DA:102,0
DA:103,0
DA:113,0
DA:114,0
DA:116,0
DA:117,0
DA:118,0
DA:119,0
DA:120,0
DA:122,0
DA:123,0
DA:126,0
DA:128,0
DA:129,0
DA:130,0
DA:131,0
DA:132,0
DA:133,0
DA:135,0
DA:136,0
DA:139,0
DA:142,0
DA:150,0
DA:151,0
DA:153,0
DA:154,0
DA:155,0
DA:156,0
DA:157,0
DA:158,0
DA:160,0
DA:161,0
DA:172,0
DA:174,0
DA:175,0
DA:176,0
DA:180,0
DA:181,0
DA:183,0
DA:184,0
DA:185,0
DA:187,0
DA:190,0
DA:191,0
DA:194,0
DA:195,0
DA:197,0
DA:200,0
DA:203,0
DA:204,0
DA:205,0
DA:206,0
DA:212,0
DA:213,0
DA:216,0
DA:218,0
DA:219,0
DA:223,0
DA:224,0
DA:229,0
DA:231,0
DA:232,0
DA:236,0
DA:237,0
DA:239,0
DA:240,0
DA:243,0
DA:244,0
DA:247,0
DA:248,0
DA:249,0
DA:252,0
DA:253,0
DA:257,0
DA:258,0
DA:261,0
DA:262,0
DA:263,0
DA:264,0
DA:265,0
DA:267,0
DA:268,0
DA:271,0
DA:274,0
DA:275,0
DA:276,0
DA:277,0
DA:278,0
DA:279,0
DA:281,0
DA:282,0
DA:285,0
DA:288,0
DA:292,0
DA:293,0
DA:296,0
DA:297,0
DA:298,0
DA:299,0
DA:300,0
DA:301,0
DA:303,0
DA:304,0
DA:310,1
LF:145
LH:1
BRDA:22,0,0,0
BRDA:22,0,1,0
BRDA:59,1,0,0
BRDA:59,1,1,0
BRDA:70,2,0,0
BRDA:70,2,1,0
BRDA:70,2,2,0
BRDA:150,3,0,0
BRDA:150,3,1,0
BRDA:156,4,0,0
BRDA:156,4,1,0
BRDA:174,5,0,0
BRDA:174,5,1,0
BRDA:212,6,0,0
BRDA:212,6,1,0
BRDA:224,7,0,0
BRDA:224,7,1,0
BRDA:224,7,2,0
BRDA:292,8,0,0
BRDA:292,8,1,0
BRDA:299,9,0,0
BRDA:299,9,1,0
BRF:22
BRH:0
end_of_record
TN:
SF:src\core\theme\ThemeManager.js
FN:6,(anonymous_0)
FN:13,(anonymous_1)
FN:20,(anonymous_2)
FN:38,(anonymous_3)
FN:51,(anonymous_4)
FNF:5
FNH:0
FNDA:0,(anonymous_0)
FNDA:0,(anonymous_1)
FNDA:0,(anonymous_2)
FNDA:0,(anonymous_3)
FNDA:0,(anonymous_4)
DA:7,0
DA:14,0
DA:21,0
DA:22,0
DA:24,0
DA:25,0
DA:26,0
DA:27,0
DA:31,0
DA:39,0
DA:40,0
DA:42,0
DA:43,0
DA:44,0
DA:52,0
DA:53,0
DA:55,0
DA:57,0
DA:61,1
LF:19
LH:1
BRDA:24,0,0,0
BRDA:24,0,1,0
BRDA:43,1,0,0
BRDA:43,1,1,0
BRDA:52,2,0,0
BRDA:52,2,1,0
BRF:6
BRH:0
end_of_record
TN:
SF:src\storage\StorageManager.js
FN:6,(anonymous_0)
FN:14,(anonymous_1)
FN:32,(anonymous_2)
FN:48,(anonymous_3)
FN:57,(anonymous_4)
FN:80,(anonymous_5)
FN:105,(anonymous_6)
FN:120,(anonymous_7)
FN:131,(anonymous_8)
FNF:9
FNH:0
FNDA:0,(anonymous_0)
FNDA:0,(anonymous_1)
FNDA:0,(anonymous_2)
FNDA:0,(anonymous_3)
FNDA:0,(anonymous_4)
FNDA:0,(anonymous_5)
FNDA:0,(anonymous_6)
FNDA:0,(anonymous_7)
FNDA:0,(anonymous_8)
DA:7,0
DA:8,0
DA:15,0
DA:17,0
DA:18,0
DA:19,0
DA:21,0
DA:22,0
DA:25,0
DA:33,0
DA:34,0
DA:35,0
DA:38,0
DA:39,0
DA:49,0
DA:58,0
DA:59,0
DA:60,0
DA:61,0
DA:64,0
DA:65,0
DA:67,0
DA:69,0
DA:70,0
DA:81,0
DA:82,0
DA:83,0
DA:84,0
DA:87,0
DA:88,0
DA:90,0
DA:91,0
DA:93,0
DA:95,0
DA:96,0
DA:106,0
DA:107,0
DA:108,0
DA:110,0
DA:121,0
DA:122,0
DA:123,0
DA:132,0
DA:133,0
DA:134,0
DA:135,0
DA:136,0
DA:137,0
DA:139,0
DA:143,1
LF:50
LH:1
BRDA:15,0,0,0
BRDA:15,0,1,0
BRDA:34,1,0,0
BRDA:34,1,1,0
BRDA:59,2,0,0
BRDA:59,2,1,0
BRDA:80,3,0,0
BRDA:82,4,0,0
BRDA:82,4,1,0
BRDA:84,5,0,0
BRDA:84,5,1,0
BRDA:88,6,0,0
BRDA:88,6,1,0
BRDA:91,7,0,0
BRDA:91,7,1,0
BRDA:137,8,0,0
BRDA:137,8,1,0
BRF:17
BRH:0
end_of_record
TN:
SF:src\ui\components\GroupCard.js
FN:13,(anonymous_0)
FN:24,(anonymous_1)
FN:33,(anonymous_2)
FN:47,(anonymous_3)
FN:64,(anonymous_4)
FN:75,(anonymous_5)
FN:98,(anonymous_6)
FNF:7
FNH:0
FNDA:0,(anonymous_0)
FNDA:0,(anonymous_1)
FNDA:0,(anonymous_2)
FNDA:0,(anonymous_3)
FNDA:0,(anonymous_4)
FNDA:0,(anonymous_5)
FNDA:0,(anonymous_6)
DA:14,0
DA:15,0
DA:16,0
DA:17,0
DA:25,0
DA:26,0
DA:27,0
DA:29,0
DA:30,0
DA:32,0
DA:33,0
DA:34,0
DA:35,0
DA:36,0
DA:37,0
DA:40,0
DA:48,0
DA:49,0
DA:51,0
DA:52,0
DA:54,0
DA:55,0
DA:57,0
DA:65,0
DA:66,0
DA:67,0
DA:68,0
DA:76,0
DA:77,0
DA:79,0
DA:80,0
DA:81,0
DA:83,0
DA:84,0
DA:85,0
DA:87,0
DA:88,0
DA:90,0
DA:99,0
DA:110,0
DA:114,1
LF:41
LH:1
BRDA:110,0,0,0
BRDA:110,0,1,0
BRF:2
BRH:0
end_of_record
TN:
SF:src\ui\components\GroupControls.js
FN:12,(anonymous_0)
FN:22,(anonymous_1)
FN:39,(anonymous_2)
FN:44,(anonymous_3)
FN:57,(anonymous_4)
FN:69,(anonymous_5)
FN:74,(anonymous_6)
FN:85,(anonymous_7)
FNF:8
FNH:0
FNDA:0,(anonymous_0)
FNDA:0,(anonymous_1)
FNDA:0,(anonymous_2)
FNDA:0,(anonymous_3)
FNDA:0,(anonymous_4)
FNDA:0,(anonymous_5)
FNDA:0,(anonymous_6)
FNDA:0,(anonymous_7)
DA:13,0
DA:14,0
DA:15,0
DA:23,0
DA:24,0
DA:26,0
DA:27,0
DA:29,0
DA:30,0
DA:32,0
DA:40,0
DA:41,0
DA:42,0
DA:44,0
DA:45,0
DA:46,0
DA:47,0
DA:50,0
DA:58,0
DA:59,0
DA:61,0
DA:70,0
DA:71,0
DA:72,0
DA:74,0
DA:75,0
DA:78,0
DA:86,0
DA:90,1
LF:29
LH:1
BRDA:12,0,0,0
BRDA:58,1,0,0
BRDA:58,1,1,0
BRF:3
BRH:0
end_of_record
TN:
SF:src\ui\managers\GroupManagerModal.js
FN:12,(anonymous_0)
FN:21,(anonymous_1)
FN:32,(anonymous_2)
FN:43,(anonymous_3)
FN:54,(anonymous_4)
FN:82,(anonymous_5)
FN:87,(anonymous_6)
FN:99,(anonymous_7)
FN:100,(anonymous_8)
FN:102,(anonymous_9)
FN:104,(anonymous_10)
FN:105,(anonymous_11)
FN:112,(anonymous_12)
FN:118,(anonymous_13)
FN:128,(anonymous_14)
FN:142,(anonymous_15)
FN:153,(anonymous_16)
FN:154,(anonymous_17)
FN:155,(anonymous_18)
FN:167,(anonymous_19)
FNF:20
FNH:0
FNDA:0,(anonymous_0)
FNDA:0,(anonymous_1)
FNDA:0,(anonymous_2)
FNDA:0,(anonymous_3)
FNDA:0,(anonymous_4)
FNDA:0,(anonymous_5)
FNDA:0,(anonymous_6)
FNDA:0,(anonymous_7)
FNDA:0,(anonymous_8)
FNDA:0,(anonymous_9)
FNDA:0,(anonymous_10)
FNDA:0,(anonymous_11)
FNDA:0,(anonymous_12)
FNDA:0,(anonymous_13)
FNDA:0,(anonymous_14)
FNDA:0,(anonymous_15)
FNDA:0,(anonymous_16)
FNDA:0,(anonymous_17)
FNDA:0,(anonymous_18)
FNDA:0,(anonymous_19)
DA:13,0
DA:14,0
DA:15,0
DA:22,0
DA:24,0
DA:25,0
DA:26,0
DA:33,0
DA:34,0
DA:35,0
DA:44,0
DA:45,0
DA:46,0
DA:47,0
DA:55,0
DA:83,0
DA:84,0
DA:87,0
DA:100,0
DA:102,0
DA:104,0
DA:105,0
DA:106,0
DA:107,0
DA:108,0
DA:112,0
DA:113,0
DA:114,0
DA:118,0
DA:119,0
DA:120,0
DA:129,0
DA:130,0
DA:132,0
DA:133,0
DA:134,0
DA:135,0
DA:143,0
DA:144,0
DA:145,0
DA:146,0
DA:154,0
DA:155,0
DA:156,0
DA:157,0
DA:158,0
DA:168,0
DA:173,1
LF:48
LH:1
BRDA:34,0,0,0
BRDA:34,0,1,0
BRDA:83,1,0,0
BRDA:83,1,1,0
BRDA:113,2,0,0
BRDA:113,2,1,0
BRDA:119,3,0,0
BRDA:119,3,1,0
BRDA:132,4,0,0
BRDA:132,4,1,0
BRDA:132,5,0,0
BRDA:132,5,1,0
BRDA:144,6,0,0
BRDA:144,6,1,0
BRF:14
BRH:0
end_of_record
TN:
SF:src\utils\NavigationManager.js
FN:10,(anonymous_0)
FN:19,(anonymous_1)
FN:26,(anonymous_2)
FN:27,(anonymous_3)
FN:32,(anonymous_4)
FN:47,(anonymous_5)
FN:58,(anonymous_6)
FNF:7
FNH:0
FNDA:0,(anonymous_0)
FNDA:0,(anonymous_1)
FNDA:0,(anonymous_2)
FNDA:0,(anonymous_3)
FNDA:0,(anonymous_4)
FNDA:0,(anonymous_5)
FNDA:0,(anonymous_6)
DA:11,0
DA:12,0
DA:13,0
DA:20,0
DA:27,0
DA:28,0
DA:29,0
DA:30,0
DA:32,0
DA:33,0
DA:38,0
DA:48,0
DA:49,0
DA:50,0
DA:59,0
DA:63,1
LF:16
LH:1
BRDA:28,0,0,0
BRDA:28,0,1,0
BRDA:48,1,0,0
BRDA:48,1,1,0
BRF:4
BRH:0
end_of_record
TN:
SF:src\utils\PageDetector.js
FN:10,(anonymous_0)
FN:37,(anonymous_1)
FN:44,(anonymous_2)
FN:54,(anonymous_3)
FNF:4
FNH:0
FNDA:0,(anonymous_0)
FNDA:0,(anonymous_1)
FNDA:0,(anonymous_2)
FNDA:0,(anonymous_3)
DA:11,0
DA:13,0
DA:14,0
DA:15,0
DA:16,0
DA:20,0
DA:21,0
DA:24,0
DA:27,0
DA:30,0
DA:37,0
DA:45,0
DA:55,0
DA:56,0
DA:59,0
DA:60,0
DA:63,0
DA:67,1
LF:18
LH:1
BRDA:13,0,0,0
BRDA:13,0,1,0
BRDA:15,1,0,0
BRDA:15,1,1,0
BRDA:15,2,0,0
BRDA:15,2,1,0
BRDA:20,3,0,0
BRDA:20,3,1,0
BRDA:24,4,0,0
BRDA:24,4,1,0
BRDA:24,5,0,0
BRDA:24,5,1,0
BRDA:24,5,2,0
BRDA:45,6,0,0
BRDA:45,6,1,0
BRDA:45,6,2,0
BRDA:55,7,0,0
BRDA:55,7,1,0
BRDA:59,8,0,0
BRDA:59,8,1,0
BRF:20
BRH:0
end_of_record
